<?xml version="1.0" encoding="UTF-8"?>
<testng-results ignored="0" total="1" passed="1" failed="0" skipped="0">
  <reporter-output>
  </reporter-output>
  <suite started-at="2021-04-17T15:40:44 IST" name="Surefire suite" finished-at="2021-04-17T15:43:25 IST" duration-ms="160374">
    <groups>
    </groups>
    <test started-at="2021-04-17T15:40:44 IST" name="Surefire test" finished-at="2021-04-17T15:43:25 IST" duration-ms="160374">
      <class name="testclass.TestCase">
        <test-method signature="testCase()[pri:0, instance:testclass.TestCase@189cbd7c]" started-at="2021-04-17T15:40:44 IST" name="testCase" finished-at="2021-04-17T15:43:23 IST" duration-ms="158128" status="PASS">
          <reporter-output>
          </reporter-output>
        </test-method> <!-- testCase -->
        <test-method is-config="true" signature="closeBrowser()[pri:0, instance:testclass.TestCase@189cbd7c]" started-at="2021-04-17T15:43:23 IST" name="closeBrowser" finished-at="2021-04-17T15:43:23 IST" duration-ms="1" status="PASS">
          <reporter-output>
          </reporter-output>
        </test-method> <!-- closeBrowser -->
        <test-method is-config="true" signature="flushReports()[pri:0, instance:testclass.TestCase@189cbd7c]" started-at="2021-04-17T15:43:23 IST" name="flushReports" finished-at="2021-04-17T15:43:25 IST" duration-ms="1936" status="PASS">
          <reporter-output>
          </reporter-output>
        </test-method> <!-- flushReports -->
      </class> <!-- testclass.TestCase -->
    </test> <!-- Surefire test -->
  </suite> <!-- Surefire suite -->
</testng-results>
